{"C:\\Users\\verke\\source\\repos\\ConstantReminders-UI\\electron-nuxt3\\template\\composables\\useElectron.ts": {"path":"C:\\Users\\verke\\source\\repos\\ConstantReminders-UI\\electron-nuxt3\\template\\composables\\useElectron.ts","statementMap":{"0":{"start":{"line":3,"column":0},"end":{"line":3,"column":24}},"1":{"start":{"line":1,"column":0},"end":{"line":1,"column":26}},"2":{"start":{"line":4,"column":19},"end":{"line":4,"column":107}},"3":{"start":{"line":5,"column":21},"end":{"line":5,"column":88}},"4":{"start":{"line":6,"column":2},"end":{"line":6,"column":null}},"5":{"start":{"line":6,"column":31},"end":{"line":6,"column":null}},"6":{"start":{"line":9,"column":19},"end":{"line":9,"column":45}},"7":{"start":{"line":13,"column":26},"end":{"line":18,"column":null}},"8":{"start":{"line":14,"column":20},"end":{"line":14,"column":78}},"9":{"start":{"line":15,"column":26},"end":{"line":15,"column":90}},"10":{"start":{"line":16,"column":23},"end":{"line":16,"column":75}},"11":{"start":{"line":17,"column":17},"end":{"line":17,"column":63}},"12":{"start":{"line":22,"column":22},"end":{"line":25,"column":4}},"13":{"start":{"line":27,"column":2},"end":{"line":29,"column":null}},"14":{"start":{"line":28,"column":4},"end":{"line":28,"column":null}},"15":{"start":{"line":30,"column":2},"end":{"line":32,"column":null}},"16":{"start":{"line":31,"column":4},"end":{"line":31,"column":null}},"17":{"start":{"line":35,"column":2},"end":{"line":35,"column":null}}},"fnMap":{"0":{"name":"useElectron","decl":{"start":{"line":3,"column":24},"end":{"line":3,"column":35}},"loc":{"start":{"line":3,"column":35},"end":{"line":36,"column":1}}},"1":{"name":"(anonymous_1)","decl":{"start":{"line":14,"column":14},"end":{"line":14,"column":17}},"loc":{"start":{"line":14,"column":20},"end":{"line":14,"column":78}}},"2":{"name":"(anonymous_2)","decl":{"start":{"line":15,"column":20},"end":{"line":15,"column":23}},"loc":{"start":{"line":15,"column":26},"end":{"line":15,"column":90}}},"3":{"name":"(anonymous_3)","decl":{"start":{"line":16,"column":17},"end":{"line":16,"column":20}},"loc":{"start":{"line":16,"column":23},"end":{"line":16,"column":75}}},"4":{"name":"(anonymous_4)","decl":{"start":{"line":17,"column":11},"end":{"line":17,"column":14}},"loc":{"start":{"line":17,"column":17},"end":{"line":17,"column":63}}},"5":{"name":"(anonymous_5)","decl":{"start":{"line":27,"column":52},"end":{"line":27,"column":53}},"loc":{"start":{"line":27,"column":70},"end":{"line":29,"column":3}}},"6":{"name":"(anonymous_6)","decl":{"start":{"line":30,"column":54},"end":{"line":30,"column":55}},"loc":{"start":{"line":30,"column":72},"end":{"line":32,"column":3}}}},"branchMap":{"0":{"loc":{"start":{"line":4,"column":19},"end":{"line":4,"column":107}},"type":"binary-expr","locations":[{"start":{"line":4,"column":19},"end":{"line":4,"column":33}},{"start":{"line":4,"column":37},"end":{"line":4,"column":66}},{"start":{"line":4,"column":70},"end":{"line":4,"column":107}}]},"1":{"loc":{"start":{"line":5,"column":21},"end":{"line":5,"column":88}},"type":"binary-expr","locations":[{"start":{"line":5,"column":21},"end":{"line":5,"column":30}},{"start":{"line":5,"column":34},"end":{"line":5,"column":88}}]},"2":{"loc":{"start":{"line":6,"column":2},"end":{"line":6,"column":null}},"type":"if","locations":[{"start":{"line":6,"column":2},"end":{"line":6,"column":null}}]},"3":{"loc":{"start":{"line":6,"column":6},"end":{"line":6,"column":29}},"type":"binary-expr","locations":[{"start":{"line":6,"column":6},"end":{"line":6,"column":17}},{"start":{"line":6,"column":21},"end":{"line":6,"column":29}}]}},"s":{"0":0,"1":0,"2":0,"3":0,"4":0,"5":0,"6":0,"7":0,"8":0,"9":0,"10":0,"11":0,"12":0,"13":0,"14":0,"15":0,"16":0,"17":0},"f":{"0":0,"1":0,"2":0,"3":0,"4":0,"5":0,"6":0},"b":{"0":[0,0,0],"1":[0,0],"2":[0],"3":[0,0]}}
,"C:\\Users\\verke\\source\\repos\\ConstantReminders-UI\\electron-nuxt3\\template\\composables\\useUpdater.ts": {"path":"C:\\Users\\verke\\source\\repos\\ConstantReminders-UI\\electron-nuxt3\\template\\composables\\useUpdater.ts","statementMap":{"0":{"start":{"line":12,"column":0},"end":{"line":12,"column":24}},"1":{"start":{"line":2,"column":0},"end":{"line":2,"column":26}},"2":{"start":{"line":7,"column":22},"end":{"line":7,"column":48}},"3":{"start":{"line":8,"column":17},"end":{"line":8,"column":36}},"4":{"start":{"line":9,"column":23},"end":{"line":9,"column":33}},"5":{"start":{"line":10,"column":27},"end":{"line":10,"column":37}},"6":{"start":{"line":13,"column":19},"end":{"line":13,"column":107}},"7":{"start":{"line":14,"column":21},"end":{"line":14,"column":88}},"8":{"start":{"line":15,"column":2},"end":{"line":15,"column":null}},"9":{"start":{"line":15,"column":31},"end":{"line":15,"column":null}},"10":{"start":{"line":18,"column":19},"end":{"line":18,"column":45}},"11":{"start":{"line":22,"column":2},"end":{"line":32,"column":3}},"12":{"start":{"line":23,"column":4},"end":{"line":23,"column":null}},"13":{"start":{"line":24,"column":4},"end":{"line":28,"column":null}},"14":{"start":{"line":25,"column":6},"end":{"line":25,"column":null}},"15":{"start":{"line":26,"column":6},"end":{"line":26,"column":null}},"16":{"start":{"line":27,"column":6},"end":{"line":27,"column":null}},"17":{"start":{"line":29,"column":4},"end":{"line":31,"column":null}},"18":{"start":{"line":30,"column":6},"end":{"line":30,"column":null}},"19":{"start":{"line":35,"column":4},"end":{"line":35,"column":null}},"20":{"start":{"line":39,"column":4},"end":{"line":39,"column":37}},"21":{"start":{"line":39,"column":31},"end":{"line":39,"column":37}},"22":{"start":{"line":40,"column":4},"end":{"line":40,"column":null}},"23":{"start":{"line":43,"column":2},"end":{"line":43,"column":null}}},"fnMap":{"0":{"name":"useElectron","decl":{"start":{"line":12,"column":24},"end":{"line":12,"column":35}},"loc":{"start":{"line":12,"column":35},"end":{"line":44,"column":1}}},"1":{"name":"(anonymous_1)","decl":{"start":{"line":24,"column":53},"end":{"line":24,"column":54}},"loc":{"start":{"line":24,"column":70},"end":{"line":28,"column":5}}},"2":{"name":"(anonymous_2)","decl":{"start":{"line":29,"column":54},"end":{"line":29,"column":57}},"loc":{"start":{"line":29,"column":59},"end":{"line":31,"column":5}}},"3":{"name":"checkForUpdate","decl":{"start":{"line":34,"column":17},"end":{"line":34,"column":31}},"loc":{"start":{"line":34,"column":31},"end":{"line":36,"column":3}}},"4":{"name":"quitAndInstall","decl":{"start":{"line":38,"column":11},"end":{"line":38,"column":25}},"loc":{"start":{"line":38,"column":25},"end":{"line":41,"column":3}}}},"branchMap":{"0":{"loc":{"start":{"line":13,"column":19},"end":{"line":13,"column":107}},"type":"binary-expr","locations":[{"start":{"line":13,"column":19},"end":{"line":13,"column":33}},{"start":{"line":13,"column":37},"end":{"line":13,"column":66}},{"start":{"line":13,"column":70},"end":{"line":13,"column":107}}]},"1":{"loc":{"start":{"line":14,"column":21},"end":{"line":14,"column":88}},"type":"binary-expr","locations":[{"start":{"line":14,"column":21},"end":{"line":14,"column":30}},{"start":{"line":14,"column":34},"end":{"line":14,"column":88}}]},"2":{"loc":{"start":{"line":15,"column":2},"end":{"line":15,"column":null}},"type":"if","locations":[{"start":{"line":15,"column":2},"end":{"line":15,"column":null}}]},"3":{"loc":{"start":{"line":15,"column":6},"end":{"line":15,"column":29}},"type":"binary-expr","locations":[{"start":{"line":15,"column":6},"end":{"line":15,"column":17}},{"start":{"line":15,"column":21},"end":{"line":15,"column":29}}]},"4":{"loc":{"start":{"line":22,"column":2},"end":{"line":32,"column":3}},"type":"if","locations":[{"start":{"line":22,"column":2},"end":{"line":32,"column":3}}]},"5":{"loc":{"start":{"line":39,"column":4},"end":{"line":39,"column":37}},"type":"if","locations":[{"start":{"line":39,"column":4},"end":{"line":39,"column":37}}]}},"s":{"0":0,"1":0,"2":0,"3":0,"4":0,"5":0,"6":0,"7":0,"8":0,"9":0,"10":0,"11":0,"12":0,"13":0,"14":0,"15":0,"16":0,"17":0,"18":0,"19":0,"20":0,"21":0,"22":0,"23":0},"f":{"0":0,"1":0,"2":0,"3":0,"4":0},"b":{"0":[0,0,0],"1":[0,0],"2":[0],"3":[0,0],"4":[0],"5":[0]}}
}
