TN:
SF:composables\useElectron.ts
FN:3,useElectron
FN:14,(anonymous_1)
FN:15,(anonymous_2)
FN:16,(anonymous_3)
FN:17,(anonymous_4)
FN:27,(anonymous_5)
FN:30,(anonymous_6)
FNF:7
FNH:0
FNDA:0,useElectron
FNDA:0,(anonymous_1)
FNDA:0,(anonymous_2)
FNDA:0,(anonymous_3)
FNDA:0,(anonymous_4)
FNDA:0,(anonymous_5)
FNDA:0,(anonymous_6)
DA:1,0
DA:3,0
DA:4,0
DA:5,0
DA:6,0
DA:9,0
DA:13,0
DA:14,0
DA:15,0
DA:16,0
DA:17,0
DA:22,0
DA:27,0
DA:28,0
DA:30,0
DA:31,0
DA:35,0
LF:17
LH:0
BRDA:4,0,0,0
BRDA:4,0,1,0
BRDA:4,0,2,0
BRDA:5,1,0,0
BRDA:5,1,1,0
BRDA:6,2,0,0
BRDA:6,3,0,0
BRDA:6,3,1,0
BRF:8
BRH:0
end_of_record
TN:
SF:composables\useUpdater.ts
FN:12,useElectron
FN:24,(anonymous_1)
FN:29,(anonymous_2)
FN:34,checkForUpdate
FN:38,quitAndInstall
FNF:5
FNH:0
FNDA:0,useElectron
FNDA:0,(anonymous_1)
FNDA:0,(anonymous_2)
FNDA:0,checkForUpdate
FNDA:0,quitAndInstall
DA:2,0
DA:7,0
DA:8,0
DA:9,0
DA:10,0
DA:12,0
DA:13,0
DA:14,0
DA:15,0
DA:18,0
DA:22,0
DA:23,0
DA:24,0
DA:25,0
DA:26,0
DA:27,0
DA:29,0
DA:30,0
DA:35,0
DA:39,0
DA:40,0
DA:43,0
LF:22
LH:0
BRDA:13,0,0,0
BRDA:13,0,1,0
BRDA:13,0,2,0
BRDA:14,1,0,0
BRDA:14,1,1,0
BRDA:15,2,0,0
BRDA:15,3,0,0
BRDA:15,3,1,0
BRDA:22,4,0,0
BRDA:39,5,0,0
BRF:10
BRH:0
end_of_record
